#
# A fatal error has been detected by the Java Runtime Environment:
#
#  EXCEPTION_ACCESS_VIOLATION (0xc0000005) at pc=0x0000000050c082c3, pid=14552, tid=11864
#
# JRE version: Java(TM) SE Runtime Environment (8.0_45-b15) (build 1.8.0_45-b15)
# Java VM: Java HotSpot(TM) 64-Bit Server VM (25.45-b02 mixed mode windows-amd64 compressed oops)
# Problematic frame:
# V  [jvm.dll+0x1282c3]
#
# Failed to write core dump. Minidumps are not enabled by default on client versions of Windows
#
# If you would like to submit a bug report, please visit:
#   http://bugreport.java.com/bugreport/crash.jsp
#

---------------  T H R E A D  ---------------

Current thread (0x000000001635a000):  JavaThread "JDWP Transport Listener: dt_socket" daemon [_thread_in_vm, id=11864, stack(0x00000000178e0000,0x00000000179e0000)]

siginfo: ExceptionCode=0xc0000005, reading address 0xffffffffffffffff

Registers:
RAX=0x00000000179df501, RBX=0xc901000000000000, RCX=0x0000000016364940, RDX=0x0000000000000000
RSP=0x00000000179df4f0, RBP=0x0000000016364940, RSI=0x00000000179df608, RDI=0x000000000179aef0
R8 =0x000000001635a000, R9 =0x0000000000000000, R10=0x0000000000000000, R11=0x0000000000000064
R12=0x0000000000000000, R13=0x000000001635ae78, R14=0x0000000000000000, R15=0x0000000000000000
RIP=0x0000000050c082c3, EFLAGS=0x0000000000010296

Top of Stack: (sp=0x00000000179df4f0)
0x00000000179df4f0:   000000001635a000 000000001635a000
0x00000000179df500:   00000000179df5b8 0000000050e0c7db
0x00000000179df510:   000000001635a000 0000000050e2903d
0x00000000179df520:   0000000000000000 0000000050a99155
0x00000000179df530:   0000000017f456b8 0000000050aa291e
0x00000000179df540:   000000001635a000 0000000000000000
0x00000000179df550:   0000000000000000 0000000000000000
0x00000000179df560:   0000000016364940 0000000050aa1a15
0x00000000179df570:   00000000179df608 00000000179df5e0
0x00000000179df580:   0000000000000001 0000000017f456b8
0x00000000179df590:   0000000016364940 0000000050a853b3
0x00000000179df5a0:   00000000179df6d0 0000000000000001
0x00000000179df5b0:   0000000000000001 0000000017f456b8
0x00000000179df5c0:   0000000000000009 0000000000000000
0x00000000179df5d0:   0000000000000000 0000000000000000
0x00000000179df5e0:   0000000000000001 0000000050a85571 

Instructions: (pc=0x0000000050c082c3)
0x0000000050c082a3:   28 48 85 c9 75 07 33 c0 48 83 c4 28 c3 48 89 5c
0x0000000050c082b3:   24 20 48 8b 19 48 85 db 74 20 48 83 fb 37 74 1a
0x0000000050c082c3:   48 8b 13 48 8b cb ff 52 10 84 c0 74 0d 48 8b c3
0x0000000050c082d3:   48 8b 5c 24 20 48 83 c4 28 c3 33 c0 48 8b 5c 24 


Register to memory mapping:

RAX=0x00000000179df501 is pointing into the stack for thread: 0x000000001635a000
RBX=0xc901000000000000 is an unknown value
RCX=0x0000000016364940 is an unknown value
RDX=0x0000000000000000 is an unknown value
RSP=0x00000000179df4f0 is pointing into the stack for thread: 0x000000001635a000
RBP=0x0000000016364940 is an unknown value
RSI=0x00000000179df608 is pointing into the stack for thread: 0x000000001635a000
RDI=0x000000000179aef0 is an unknown value
R8 =0x000000001635a000 is a thread
R9 =0x0000000000000000 is an unknown value
R10=0x0000000000000000 is an unknown value
R11=0x0000000000000064 is an unknown value
R12=0x0000000000000000 is an unknown value
R13=0x000000001635ae78 is an unknown value
R14=0x0000000000000000 is an unknown value
R15=0x0000000000000000 is an unknown value


Stack: [0x00000000178e0000,0x00000000179e0000],  sp=0x00000000179df4f0,  free space=1021k
Native frames: (J=compiled Java code, j=interpreted, Vv=VM code, C=native code)
V  [jvm.dll+0x1282c3]
V  [jvm.dll+0x34903d]
C  [jdwp.dll+0x21a15]
C  [jdwp.dll+0x53b3]
C  [jdwp.dll+0x5571]
C  [jdwp.dll+0xf0a8]
C  [jdwp.dll+0x1f2d5]
C  [jdwp.dll+0x1f4aa]
V  [jvm.dll+0x1bae98]
V  [jvm.dll+0x241984]
V  [jvm.dll+0x29853a]
C  [msvcr100.dll+0x21d9f]
C  [msvcr100.dll+0x21e3b]
C  [KERNEL32.DLL+0x18102]
C  [ntdll.dll+0x5c5b4]


---------------  P R O C E S S  ---------------

Java Threads: ( => current thread )
  0x0000000017f39000 JavaThread "Service Thread" daemon [_thread_blocked, id=9824, stack(0x00000000182e0000,0x00000000183e0000)]
  0x000000001637d000 JavaThread "C1 CompilerThread2" daemon [_thread_blocked, id=9972, stack(0x0000000017de0000,0x0000000017ee0000)]
  0x0000000016379800 JavaThread "C2 CompilerThread1" daemon [_thread_blocked, id=2012, stack(0x0000000017ce0000,0x0000000017de0000)]
  0x0000000016384000 JavaThread "C2 CompilerThread0" daemon [_thread_blocked, id=960, stack(0x0000000017be0000,0x0000000017ce0000)]
  0x000000001636b800 JavaThread "JDWP Command Reader" daemon [_thread_in_native, id=15132, stack(0x0000000017ae0000,0x0000000017be0000)]
  0x0000000016368800 JavaThread "JDWP Event Helper Thread" daemon [_thread_blocked, id=14156, stack(0x00000000179e0000,0x0000000017ae0000)]
=>0x000000001635a000 JavaThread "JDWP Transport Listener: dt_socket" daemon [_thread_in_vm, id=11864, stack(0x00000000178e0000,0x00000000179e0000)]
  0x0000000016351800 JavaThread "Attach Listener" daemon [_thread_blocked, id=13896, stack(0x00000000177e0000,0x00000000178e0000)]
  0x0000000016350800 JavaThread "Signal Dispatcher" daemon [_thread_blocked, id=8780, stack(0x00000000176e0000,0x00000000177e0000)]
  0x0000000001595800 JavaThread "Finalizer" daemon [_thread_blocked, id=8316, stack(0x00000000175e0000,0x00000000176e0000)]
  0x0000000001592800 JavaThread "Reference Handler" daemon [_thread_blocked, id=11728, stack(0x00000000174e0000,0x00000000175e0000)]
  0x00000000014a3000 JavaThread "main" [_thread_blocked, id=8152, stack(0x0000000001060000,0x0000000001160000)]

Other Threads:
  0x0000000016317000 VMThread [stack: 0x00000000173e0000,0x00000000174e0000] [id=14504]
  0x00000000163ae800 WatcherThread [stack: 0x00000000183e0000,0x00000000184e0000] [id=13560]

VM state:not at safepoint (normal execution)

VM Mutex/Monitor currently owned by a thread: None

Heap:
 PSYoungGen      total 28160K, used 6407K [0x00000000e0d80000, 0x00000000e2c80000, 0x0000000100000000)
  eden space 24576K, 26% used [0x00000000e0d80000,0x00000000e13c1c68,0x00000000e2580000)
  from space 3584K, 0% used [0x00000000e2900000,0x00000000e2900000,0x00000000e2c80000)
  to   space 3584K, 0% used [0x00000000e2580000,0x00000000e2580000,0x00000000e2900000)
 ParOldGen       total 64512K, used 0K [0x00000000a2800000, 0x00000000a6700000, 0x00000000e0d80000)
  object space 64512K, 0% used [0x00000000a2800000,0x00000000a2800000,0x00000000a6700000)
 Metaspace       used 4819K, capacity 5290K, committed 5504K, reserved 1056768K
  class space    used 565K, capacity 594K, committed 640K, reserved 1048576K

Card table byte_map: [0x0000000001b60000,0x0000000001e50000] byte_map_base: 0x000000000164c000

Marking Bits: (ParMarkBitMap*) 0x00000000512e4040
 Begin Bits: [0x0000000012800000, 0x0000000013f60000)
 End Bits:   [0x0000000013f60000, 0x00000000156c0000)

Polling page: 0x0000000000b80000

CodeCache: size=245760Kb used=1653Kb max_used=1669Kb free=244106Kb
 bounds [0x0000000003400000, 0x0000000003670000, 0x0000000012400000]
 total_blobs=520 nmethods=227 adapters=214
 compilation: enabled

Compilation events (10 events):
Event: 38.612 Thread 0x0000000016384000  225       4       java.io.WinNTFileSystem::isSlash (18 bytes)
Event: 38.612 Thread 0x000000001637d000 nmethod 223 0x0000000003593690 code [0x0000000003593820, 0x0000000003593b58]
Event: 38.612 Thread 0x000000001637d000  224       3       java.nio.CharBuffer::arrayOffset (35 bytes)
Event: 38.613 Thread 0x0000000016384000 nmethod 225 0x000000000358f7d0 code [0x000000000358f900, 0x000000000358f978]
Event: 38.613 Thread 0x000000001637d000 nmethod 224 0x0000000003593050 code [0x00000000035931e0, 0x0000000003593518]
Event: 38.613 Thread 0x0000000016384000  226   !   4       sun.misc.URLClassPath$JarLoader::getResource (85 bytes)
Event: 38.636 Thread 0x0000000016379800 nmethod 222 0x000000000359c510 code [0x000000000359c740, 0x000000000359db10]
Event: 38.636 Thread 0x0000000016379800  227       4       java.lang.String::indexOf (166 bytes)
Event: 38.644 Thread 0x0000000016379800 nmethod 227 0x0000000003599d10 code [0x0000000003599e60, 0x000000000359a438]
Event: 38.659 Thread 0x0000000016384000 nmethod 226 0x00000000035a1850 code [0x00000000035a1b00, 0x00000000035a30a8]

GC Heap History (0 events):
No events

Deoptimization events (0 events):
No events

Internal exceptions (6 events):
Event: 0.229 Thread 0x00000000014a3000 Exception <a 'java/lang/NoSuchMethodError': Method sun.misc.Unsafe.defineClass(Ljava/lang/String;[BII)Ljava/lang/Class; name or signature does not match> (0x00000000e0d92ed8) thrown at [C:\re\workspace\8-2-build-windows-amd64-cygwin\jdk8u45\3627\hotspot\sráüDÏûSÍ?
Event: 0.229 Thread 0x00000000014a3000 Exception <a 'java/lang/NoSuchMethodError': Method sun.misc.Unsafe.prefetchRead(Ljava/lang/Object;J)V name or signature does not match> (0x00000000e0d93168) thrown at [C:\re\workspace\8-2-build-windows-amd64-cygwin\jdk8u45\3627\hotspot\src\share\vm\prims\j^Ñ[|tJC@
Event: 38.582 Thread 0x00000000014a3000 Exception <a 'java/security/PrivilegedActionException'> (0x00000000e132f9a0) thrown at [C:\re\workspace\8-2-build-windows-amd64-cygwin\jdk8u45\3627\hotspot\src\share\vm\prims\jvm.cpp, line 1382]
Event: 38.582 Thread 0x00000000014a3000 Exception <a 'java/security/PrivilegedActionException'> (0x00000000e132fce8) thrown at [C:\re\workspace\8-2-build-windows-amd64-cygwin\jdk8u45\3627\hotspot\src\share\vm\prims\jvm.cpp, line 1382]
Event: 38.583 Thread 0x00000000014a3000 Exception <a 'java/security/PrivilegedActionException'> (0x00000000e1333c10) thrown at [C:\re\workspace\8-2-build-windows-amd64-cygwin\jdk8u45\3627\hotspot\src\share\vm\prims\jvm.cpp, line 1382]
Event: 38.583 Thread 0x00000000014a3000 Exception <a 'java/security/PrivilegedActionException'> (0x00000000e1333f58) thrown at [C:\re\workspace\8-2-build-windows-amd64-cygwin\jdk8u45\3627\hotspot\src\share\vm\prims\jvm.cpp, line 1382]

Events (10 events):
Event: 152.772 Executing VM operation: ChangeBreakpoints
Event: 152.772 Executing VM operation: ChangeBreakpoints done
Event: 152.775 Executing VM operation: ChangeBreakpoints
Event: 152.775 Executing VM operation: ChangeBreakpoints done
Event: 213.290 Executing VM operation: ChangeBreakpoints
Event: 213.290 Executing VM operation: ChangeBreakpoints done
Event: 213.291 Executing VM operation: ChangeBreakpoints
Event: 213.291 Executing VM operation: ChangeBreakpoints done
Event: 213.332 Executing VM operation: RedefineClasses
Event: 213.344 Executing VM operation: RedefineClasses done


Dynamic libraries:
0x00007ff7b4e60000 - 0x00007ff7b4e97000 	C:\Program Files\Java\jdk1.8.0_45\bin\java.exe
0x00007fff4b670000 - 0x00007fff4b831000 	C:\WINDOWS\SYSTEM32\ntdll.dll
0x00007fff4abd0000 - 0x00007fff4ac7d000 	C:\WINDOWS\system32\KERNEL32.DLL
0x00007fff483b0000 - 0x00007fff48598000 	C:\WINDOWS\system32\KERNELBASE.dll
0x00007fff4b470000 - 0x00007fff4b517000 	C:\WINDOWS\system32\ADVAPI32.dll
0x00007fff4a810000 - 0x00007fff4a8ad000 	C:\WINDOWS\system32\msvcrt.dll
0x00007fff48fe0000 - 0x00007fff4903b000 	C:\WINDOWS\system32\sechost.dll
0x00007fff4af20000 - 0x00007fff4b03c000 	C:\WINDOWS\system32\RPCRT4.dll
0x00007fff48cd0000 - 0x00007fff48e26000 	C:\WINDOWS\system32\USER32.dll
0x00007fff48ad0000 - 0x00007fff48c56000 	C:\WINDOWS\system32\GDI32.dll
0x00007fff33840000 - 0x00007fff33ab4000 	C:\WINDOWS\WinSxS\amd64_microsoft.windows.common-controls_6595b64144ccf1df_6.0.10586.672_none_a2d6b3cea53ff843\COMCTL32.dll
0x00007fff4ac80000 - 0x00007fff4aefd000 	C:\WINDOWS\system32\combase.dll
0x00007fff48770000 - 0x00007fff487da000 	C:\WINDOWS\system32\bcryptPrimitives.dll
0x00007fff4a7d0000 - 0x00007fff4a80b000 	C:\WINDOWS\system32\IMM32.DLL
0x00007fff47b60000 - 0x00007fff47b91000 	C:\Windows\system32\nvinitx.dll
0x00007fff47b50000 - 0x00007fff47b5a000 	C:\WINDOWS\SYSTEM32\VERSION.dll
0x0000000051370000 - 0x0000000051442000 	C:\Program Files\Java\jdk1.8.0_45\jre\bin\msvcr100.dll
0x0000000050ae0000 - 0x0000000051363000 	C:\Program Files\Java\jdk1.8.0_45\jre\bin\server\jvm.dll
0x00007fff4af00000 - 0x00007fff4af08000 	C:\WINDOWS\system32\PSAPI.DLL
0x00007fff45d80000 - 0x00007fff45da3000 	C:\WINDOWS\SYSTEM32\WINMM.dll
0x00007fff446c0000 - 0x00007fff446c9000 	C:\WINDOWS\SYSTEM32\WSOCK32.dll
0x00007fff45c50000 - 0x00007fff45c7c000 	C:\WINDOWS\SYSTEM32\WINMMBASE.dll
0x00007fff48f60000 - 0x00007fff48fcb000 	C:\WINDOWS\system32\WS2_32.dll
0x00007fff48a00000 - 0x00007fff48a43000 	C:\WINDOWS\system32\cfgmgr32.dll
0x0000000051500000 - 0x000000005150f000 	C:\Program Files\Java\jdk1.8.0_45\jre\bin\verify.dll
0x00000000514d0000 - 0x00000000514f9000 	C:\Program Files\Java\jdk1.8.0_45\jre\bin\java.dll
0x0000000050a80000 - 0x0000000050ab5000 	C:\Program Files\Java\jdk1.8.0_45\jre\bin\jdwp.dll
0x00000000514c0000 - 0x00000000514c8000 	C:\Program Files\Java\jdk1.8.0_45\jre\bin\npt.dll
0x0000000050ac0000 - 0x0000000050ad6000 	C:\Program Files\Java\jdk1.8.0_45\jre\bin\zip.dll
0x00007fff49040000 - 0x00007fff4a59c000 	C:\WINDOWS\system32\SHELL32.dll
0x00007fff47d00000 - 0x00007fff48345000 	C:\WINDOWS\system32\windows.storage.dll
0x00007fff48f00000 - 0x00007fff48f52000 	C:\WINDOWS\system32\shlwapi.dll
0x00007fff47c80000 - 0x00007fff47c8f000 	C:\WINDOWS\system32\kernel.appcore.dll
0x00007fff48940000 - 0x00007fff489f5000 	C:\WINDOWS\system32\shcore.dll
0x00007fff47c90000 - 0x00007fff47cdb000 	C:\WINDOWS\system32\powrprof.dll
0x00007fff47ce0000 - 0x00007fff47cf4000 	C:\WINDOWS\system32\profapi.dll
0x0000000050a70000 - 0x0000000050a79000 	C:\Program Files\Java\jdk1.8.0_45\jre\bin\dt_socket.dll
0x00007fff474f0000 - 0x00007fff4754c000 	C:\WINDOWS\system32\mswsock.dll
0x0000000050990000 - 0x00000000509aa000 	C:\Program Files\Java\jdk1.8.0_45\jre\bin\net.dll
0x0000000050970000 - 0x0000000050981000 	C:\Program Files\Java\jdk1.8.0_45\jre\bin\nio.dll
0x00007fff3f4d0000 - 0x00007fff3f65c000 	C:\WINDOWS\SYSTEM32\dbghelp.dll

VM Arguments:
jvm_args: -agentlib:jdwp=transport=dt_socket,address=127.0.0.1:58521,suspend=y,server=n -Dfile.encoding=UTF-8 
java_command: com.codeverification.Verificator
java_class_path (initial): C:\Program Files\Java\jdk1.8.0_45\jre\lib\charsets.jar;C:\Program Files\Java\jdk1.8.0_45\jre\lib\deploy.jar;C:\Program Files\Java\jdk1.8.0_45\jre\lib\javaws.jar;C:\Program Files\Java\jdk1.8.0_45\jre\lib\jce.jar;C:\Program Files\Java\jdk1.8.0_45\jre\lib\jfr.jar;C:\Program Files\Java\jdk1.8.0_45\jre\lib\jfxswt.jar;C:\Program Files\Java\jdk1.8.0_45\jre\lib\jsse.jar;C:\Program Files\Java\jdk1.8.0_45\jre\lib\management-agent.jar;C:\Program Files\Java\jdk1.8.0_45\jre\lib\plugin.jar;C:\Program Files\Java\jdk1.8.0_45\jre\lib\resources.jar;C:\Program Files\Java\jdk1.8.0_45\jre\lib\rt.jar;C:\Program Files\Java\jdk1.8.0_45\jre\lib\ext\access-bridge-64.jar;C:\Program Files\Java\jdk1.8.0_45\jre\lib\ext\cldrdata.jar;C:\Program Files\Java\jdk1.8.0_45\jre\lib\ext\dnsns.jar;C:\Program Files\Java\jdk1.8.0_45\jre\lib\ext\jaccess.jar;C:\Program Files\Java\jdk1.8.0_45\jre\lib\ext\jfxrt.jar;C:\Program Files\Java\jdk1.8.0_45\jre\lib\ext\localedata.jar;C:\Program Files\Java\jdk1.8.0_45\jre\lib\ext\nashorn.jar;C:\Program Files\Java\jdk1.8.0_45\jre\lib\ext\sunec.jar;C:\Program Files\Java\jdk1.8.0_45\jre\lib\ext\sunjce_provider.jar;C:\Program Files\Java\jdk1.8.0_45\jre\lib\ext\sunmscapi.jar;C:\Program Files\Java\jdk1.8.0_45\jre\lib\ext\sunpkcs11.jar;C:\Program Files\Java\jdk1.8.0_45\jre\lib\ext\zipfs.jar;F:\ó÷åáà\codeerification\target\classes;C:\Users\1\.m2\repository\org\antlr\antlr4-runtime\4.7\antlr4-runtime-4.7.jar;C:\Program Files (x86)\JetBrains\IntelliJ IDEA 15.0.3\lib\idea_rt.jar
Launcher Type: SUN_STANDARD

Environment Variables:
JAVA_HOME=C:\Program Files\Java\jdk1.8.0_45
USERNAME=1
OS=Windows_NT
PROCESSOR_IDENTIFIER=Intel64 Family 6 Model 58 Stepping 9, GenuineIntel



---------------  S Y S T E M  ---------------

OS: Windows 10.0 , 64 bit Build 10586 (10.0.10586.589)

CPU:total 4 (2 cores per cpu, 2 threads per core) family 6 model 58 stepping 9, cmov, cx8, fxsr, mmx, sse, sse2, sse3, ssse3, sse4.1, sse4.2, popcnt, avx, aes, clmul, erms, ht, tsc, tscinvbit, tscinv

Memory: 4k page, physical 6125928k(1078292k free), swap 12417384k(4523332k free)

vm_info: Java HotSpot(TM) 64-Bit Server VM (25.45-b02) for windows-amd64 JRE (1.8.0_45-b15), built on Apr 30 2015 12:40:44 by "java_re" with MS VC++ 10.0 (VS2010)

time: Sat Apr 08 18:02:25 2017
elapsed time: 213 seconds (0d 0h 3m 33s)

